2024-11-06 15:50:57.085 [main] INFO  c.a.f.FrontendPracticeServiceApplication - Starting FrontendPracticeServiceApplication using Java 17.0.11 with PID 82076 (E:\DAston\Puppet\java\target\classes started by Home in E:\DAston\Puppet\java)
2024-11-06 15:50:57.089 [main] INFO  c.a.f.FrontendPracticeServiceApplication - The following 1 profile is active: "local"
2024-11-06 15:51:09.798 [main] INFO  c.a.f.FrontendPracticeServiceApplication - Started FrontendPracticeServiceApplication in 15.302 seconds (process running for 16.727)
2024-11-06 15:51:39.179 [http-nio-8080-exec-2] INFO  c.a.f.aspect.LoggingAspect - Вызван контроллер: ResponseEntity com.aston.frontendpracticeservice.controller.impl.RequisitesControllerImpl.getRequisites(UUID)
2024-11-06 15:51:39.183 [http-nio-8080-exec-2] INFO  c.a.f.aspect.LoggingAspect - Вызван сервис: RequisitesDto com.aston.frontendpracticeservice.service.impl.RequisitesServiceImpl.findRequisites(UUID)
2024-11-06 15:52:04.099 [http-nio-8080-exec-3] INFO  c.a.f.aspect.LoggingAspect - Вызван контроллер: ResponseEntity com.aston.frontendpracticeservice.controller.impl.RequisitesControllerImpl.getRequisites(UUID)
2024-11-06 15:52:04.100 [http-nio-8080-exec-3] INFO  c.a.f.aspect.LoggingAspect - Вызван сервис: RequisitesDto com.aston.frontendpracticeservice.service.impl.RequisitesServiceImpl.findRequisites(UUID)
2024-11-06 15:52:04.106 [http-nio-8080-exec-3] ERROR c.a.f.aspect.LoggingAspect - Исключение в findRequisites.com.aston.frontendpracticeservice.service.impl.RequisitesServiceImpl() с причиной = class com.aston.frontendpracticeservice.exception.UserNotFoundException - (Пользователь не найден)
2024-11-06 15:52:04.107 [http-nio-8080-exec-3] ERROR c.a.f.aspect.LoggingAspect - Исключение в getRequisites.com.aston.frontendpracticeservice.controller.impl.RequisitesControllerImpl() с причиной = class com.aston.frontendpracticeservice.exception.UserNotFoundException - (Пользователь не найден)
2024-11-06 15:57:00.676 [main] INFO  c.a.f.FrontendPracticeServiceApplication - Starting FrontendPracticeServiceApplication using Java 17.0.11 with PID 53124 (E:\DAston\Puppet\java\target\classes started by Home in E:\DAston\Puppet\java)
2024-11-06 15:57:00.680 [main] INFO  c.a.f.FrontendPracticeServiceApplication - The following 1 profile is active: "local"
2024-11-06 15:57:14.427 [main] INFO  c.a.f.FrontendPracticeServiceApplication - Started FrontendPracticeServiceApplication in 16.312 seconds (process running for 17.6)
2024-11-06 15:57:21.711 [http-nio-8080-exec-2] INFO  c.a.f.aspect.LoggingAspect - Вызван контроллер: ResponseEntity com.aston.frontendpracticeservice.controller.impl.RequisitesControllerImpl.getRequisites(UUID) c аргументами: [7220e843-6558-4750-9c3e-b4444324ca3e]
2024-11-06 15:57:21.713 [http-nio-8080-exec-2] INFO  c.a.f.aspect.LoggingAspect - Вызван сервис: RequisitesDto com.aston.frontendpracticeservice.service.impl.RequisitesServiceImpl.findRequisites(UUID) c аргументами: [7220e843-6558-4750-9c3e-b4444324ca3e]
2024-11-06 15:57:42.300 [http-nio-8080-exec-3] INFO  c.a.f.aspect.LoggingAspect - Вызван контроллер: ResponseEntity com.aston.frontendpracticeservice.controller.impl.RequisitesControllerImpl.getRequisites(UUID) c аргументами: [7220e843-6558-4750-9c3e-0b4444324ca3]
2024-11-06 15:57:42.300 [http-nio-8080-exec-3] INFO  c.a.f.aspect.LoggingAspect - Вызван сервис: RequisitesDto com.aston.frontendpracticeservice.service.impl.RequisitesServiceImpl.findRequisites(UUID) c аргументами: [7220e843-6558-4750-9c3e-0b4444324ca3]
2024-11-06 15:57:42.307 [http-nio-8080-exec-3] ERROR c.a.f.aspect.LoggingAspect - Исключение в findRequisites.RequisitesServiceImpl() с причиной = class com.aston.frontendpracticeservice.exception.UserNotFoundException - (Пользователь не найден)
2024-11-06 15:57:42.307 [http-nio-8080-exec-3] ERROR c.a.f.aspect.LoggingAspect - Исключение в getRequisites.RequisitesControllerImpl() с причиной = class com.aston.frontendpracticeservice.exception.UserNotFoundException - (Пользователь не найден)
2024-11-06 16:00:47.713 [main] INFO  c.a.f.FrontendPracticeServiceApplication - Starting FrontendPracticeServiceApplication using Java 17.0.11 with PID 87352 (E:\DAston\Puppet\java\target\classes started by Home in E:\DAston\Puppet\java)
2024-11-06 16:00:47.715 [main] DEBUG c.a.f.FrontendPracticeServiceApplication - Running with Spring Boot v3.2.2, Spring v6.1.3
2024-11-06 16:00:47.717 [main] INFO  c.a.f.FrontendPracticeServiceApplication - The following 1 profile is active: "local"
2024-11-06 16:00:50.055 [main] DEBUG c.a.f.security.JwtFilter - Filter 'jwtFilter' configured for use
2024-11-06 16:00:59.839 [main] INFO  c.a.f.FrontendPracticeServiceApplication - Started FrontendPracticeServiceApplication in 14.399 seconds (process running for 15.338)
2024-11-06 16:01:05.868 [http-nio-8080-exec-1] DEBUG c.a.f.aspect.LoggingAspect - Вызван метод RequisitesControllerImpl.getRequisites с аргументами: ([7220e843-6558-4750-9c3e-b4444324ca3e])
2024-11-06 16:01:05.871 [http-nio-8080-exec-1] INFO  c.a.f.aspect.LoggingAspect - Вызван контроллер: ResponseEntity com.aston.frontendpracticeservice.controller.impl.RequisitesControllerImpl.getRequisites(UUID) c аргументами: [7220e843-6558-4750-9c3e-b4444324ca3e]
2024-11-06 16:01:05.872 [http-nio-8080-exec-1] DEBUG c.a.f.aspect.LoggingAspect - Вызван метод RequisitesServiceImpl.findRequisites с аргументами: ([7220e843-6558-4750-9c3e-b4444324ca3e])
2024-11-06 16:01:05.872 [http-nio-8080-exec-1] INFO  c.a.f.aspect.LoggingAspect - Вызван сервис: RequisitesDto com.aston.frontendpracticeservice.service.impl.RequisitesServiceImpl.findRequisites(UUID) c аргументами: [7220e843-6558-4750-9c3e-b4444324ca3e]
2024-11-06 16:01:05.989 [http-nio-8080-exec-1] DEBUG c.a.f.aspect.LoggingAspect - Метод findRequisites вернул результат: RequisitesDto[name=Masha, surname=Masheva, currentAccount=77777777777777777777, kbk=77777777777777777777]
2024-11-06 16:01:05.996 [http-nio-8080-exec-1] DEBUG c.a.f.aspect.LoggingAspect - Метод getRequisites вернул результат: <200 OK OK,RequisitesDto[name=Masha, surname=Masheva, currentAccount=77777777777777777777, kbk=77777777777777777777],[]>
2024-11-06 16:01:28.728 [http-nio-8080-exec-3] DEBUG c.a.f.aspect.LoggingAspect - Вызван метод RequisitesControllerImpl.getRequisites с аргументами: ([7220e843-6558-4750-9c3e-0b4444324ca3])
2024-11-06 16:01:28.728 [http-nio-8080-exec-3] INFO  c.a.f.aspect.LoggingAspect - Вызван контроллер: ResponseEntity com.aston.frontendpracticeservice.controller.impl.RequisitesControllerImpl.getRequisites(UUID) c аргументами: [7220e843-6558-4750-9c3e-0b4444324ca3]
2024-11-06 16:01:28.728 [http-nio-8080-exec-3] DEBUG c.a.f.aspect.LoggingAspect - Вызван метод RequisitesServiceImpl.findRequisites с аргументами: ([7220e843-6558-4750-9c3e-0b4444324ca3])
2024-11-06 16:01:28.728 [http-nio-8080-exec-3] INFO  c.a.f.aspect.LoggingAspect - Вызван сервис: RequisitesDto com.aston.frontendpracticeservice.service.impl.RequisitesServiceImpl.findRequisites(UUID) c аргументами: [7220e843-6558-4750-9c3e-0b4444324ca3]
2024-11-06 16:01:28.738 [http-nio-8080-exec-3] ERROR c.a.f.aspect.LoggingAspect - Исключение в findRequisites.RequisitesServiceImpl() с причиной = UserNotFoundException - (Пользователь не найден)
2024-11-06 16:01:28.739 [http-nio-8080-exec-3] ERROR c.a.f.aspect.LoggingAspect - Исключение в getRequisites.RequisitesControllerImpl() с причиной = UserNotFoundException - (Пользователь не найден)
2024-11-06 16:03:38.923 [http-nio-8080-exec-6] DEBUG c.a.f.aspect.LoggingAspect - Вызван метод RequisitesControllerImpl.getRequisites с аргументами: ([7220e843-6558-4750-9c3e-b4444324ca3e])
2024-11-06 16:03:38.923 [http-nio-8080-exec-6] INFO  c.a.f.aspect.LoggingAspect - Вызван контроллер: ResponseEntity com.aston.frontendpracticeservice.controller.impl.RequisitesControllerImpl.getRequisites(UUID) c аргументами: [7220e843-6558-4750-9c3e-b4444324ca3e]
2024-11-06 16:03:38.923 [http-nio-8080-exec-6] DEBUG c.a.f.aspect.LoggingAspect - Вызван метод RequisitesServiceImpl.findRequisites с аргументами: ([7220e843-6558-4750-9c3e-b4444324ca3e])
2024-11-06 16:03:38.924 [http-nio-8080-exec-6] INFO  c.a.f.aspect.LoggingAspect - Вызван сервис: RequisitesDto com.aston.frontendpracticeservice.service.impl.RequisitesServiceImpl.findRequisites(UUID) c аргументами: [7220e843-6558-4750-9c3e-b4444324ca3e]
2024-11-06 16:03:38.928 [http-nio-8080-exec-6] DEBUG c.a.f.aspect.LoggingAspect - Метод findRequisites вернул результат: RequisitesDto[name=Masha, surname=Masheva, currentAccount=77777777777777777777, kbk=77777777777777777777]
2024-11-06 16:03:38.929 [http-nio-8080-exec-6] DEBUG c.a.f.aspect.LoggingAspect - Метод getRequisites вернул результат: <200 OK OK,RequisitesDto[name=Masha, surname=Masheva, currentAccount=77777777777777777777, kbk=77777777777777777777],[]>
